<?xml version="1.0" encoding="UTF-8"?>
<!-- Generated by org.testng.reporters.JUnitReportReporter -->
<testsuite hostname="LAPTOP-U9EF9IEU" failures="0" tests="1" name="TestCases.test" time="5.619" errors="0" timestamp="2022-12-08T12:23:00 IST" skipped="0">
  <testcase classname="TestCases.test" name="method1" time="5.619"/>
  <system-out/>
</testsuite> <!-- TestCases.test -->
