<?xml version="1.0" encoding="UTF-8"?>
<!-- Generated by org.testng.reporters.JUnitReportReporter -->
<testsuite hostname="LAPTOP-U9EF9IEU" failures="0" tests="1" name="TestCases.loginTestCase" time="5.741" errors="0" timestamp="2022-12-12T18:59:57 IST" skipped="0">
  <testcase classname="TestCases.loginTestCase" name="login" time="5.741"/>
  <system-out/>
</testsuite> <!-- TestCases.loginTestCase -->
